<?xml version="1.0" encoding="UTF-8"?>
<testsuite xmlns:xsi="http://www.w3.org/2001/XMLSchema-instance" xsi:noNamespaceSchemaLocation="https://maven.apache.org/surefire/maven-failsafe-plugin/xsd/failsafe-test-report-3.0.xsd" version="3.0" name="org.example.retointerbank.runners.CucumberTestSuite" time="33.789" tests="3" errors="0" skipped="2" failures="0">
  <properties>
[...]
</properties>
  <testcase name="Agregar chaqueta para hombre (XL) y mujer (S) y validar el precio total" classname="Compra de chaquetas en SHOP" time="32.392">
    <system-out><![CDATA[04:34:22.104 [main] DEBUG io.cucumber.core.plugin.SerenityReporterParallel - SRP:handleTestRunStarted Thread[#1,main,5,main] 
04:34:22.162 [main] DEBUG io.cucumber.core.plugin.SerenityReporterParallel - SRP:handleTestSourceRead Thread[#1,main,5,main]
04:34:22.163 [main] DEBUG io.cucumber.core.plugin.SerenityReporterParallel - Running feature from classpath:features/compra_chaquetas.feature
04:34:22.189 [main] INFO net.thucydides.core.steps.StepEventBus - Loading JUnit Platform configuration parameters from classpath resource [junit-platform.properties].
04:34:22.225 [main] INFO  - 

-------------------------------------------------------------------------------------
     _______. _______ .______       _______ .__   __.  __  .___________.____    ____ 
    /       ||   ____||   _  \     |   ____||  \ |  | |  | |           |\   \  /   / 
   |   (----`|  |__   |  |_)  |    |  |__   |   \|  | |  | `---|  |----` \   \/   /  
    \   \    |   __|  |      /     |   __|  |  . `  | |  |     |  |       \_    _/   
.----)   |   |  |____ |  |\  \----.|  |____ |  |\   | |  |     |  |         |  |     
|_______/    |_______|| _| `._____||_______||__| \__| |__|     |__|         |__|    
                                                                                     
 News and tutorials at https://serenity-bdd.info                                     
 Documentation at https://serenity-bdd.github.io                                     
 Test Automation Training and Coaching: https://www.serenity-dojo.com                
 Commercial Support: https://www.serenity-dojo.com/serenity-bdd-enterprise-support   
 Join the Serenity Community on Gitter: https://gitter.im/serenity-bdd/serenity-core 
-------------------------------------------------------------------------------------

04:34:22.233 [main] DEBUG net.thucydides.core.steps.StepEventBus - Test suite started for story net.thucydides.model.domain.Story@58d33eab
04:34:22.234 [main] INFO  - Test Suite Started: Compra de chaquetas en SHOP
04:34:22.358 [main] DEBUG io.cucumber.core.plugin.SerenityReporterParallel - SRP:handleTestCaseStarted classpath:features/compra_chaquetas.feature Thread[#1,main,5,main] 2b08b2e2-d328-4836-9cef-fcbe460027ec at line 8
04:34:22.359 [main] DEBUG net.thucydides.core.steps.session.TestSession - SRP:SessionStart: id 2b08b2e2-d328-4836-9cef-fcbe460027ec
04:34:22.361 [main] DEBUG io.cucumber.core.plugin.SerenityReporterParallel - Running feature from classpath:features/compra_chaquetas.feature
04:34:22.362 [main] DEBUG io.cucumber.core.plugin.ScenarioContextParallel - SRP:addHighPriorityStepEventBusEvent net.thucydides.core.steps.events.SetTestSourceEvent@7004e3d Thread[#1,main,5,main] Compra de chaquetas en SHOP;agregar-chaqueta-para-hombre-(xl)-y-mujer-(s)-y-validar-el-precio-total
04:34:22.367 [main] DEBUG io.cucumber.core.plugin.SerenityReporterParallel - SRP:startScenario classpath:features/compra_chaquetas.feature Thread[#1,main,5,main] 2b08b2e2-d328-4836-9cef-fcbe460027ec at line 8
04:34:22.368 [main] DEBUG io.cucumber.core.plugin.ScenarioContextParallel - SRP:addHighPriorityStepEventBusEvent EventBusEvent TEST_STARTED_EVENT with name Agregar chaqueta para hombre (XL) y mujer (S) y validar el precio total compra-de-chaquetas-en-shop;agregar-chaqueta-para-hombre-(xl)-y-mujer-(s)-y-validar-el-precio-total Thread[#1,main,5,main] Compra de chaquetas en SHOP;agregar-chaqueta-para-hombre-(xl)-y-mujer-(s)-y-validar-el-precio-total
04:34:22.369 [main] DEBUG net.thucydides.core.steps.session.TestSession - SRP:SessionAddEvent: id 2b08b2e2-d328-4836-9cef-fcbe460027ec net.thucydides.core.steps.events.AddDescriptionToCurrentTestEvent@4e868ef5
04:34:22.372 [main] DEBUG net.thucydides.core.steps.session.TestSession - SRP:SessionAddEvent: id 2b08b2e2-d328-4836-9cef-fcbe460027ec EventBusEvent ADD_TAGS_TO_CURRENT_TEST_EVENT []
04:34:22.374 [main] DEBUG net.thucydides.core.steps.session.TestSession - SRP:SessionAddEvent: id 2b08b2e2-d328-4836-9cef-fcbe460027ec EventBusEvent ADD_TAGS_TO_CURRENT_TEST_EVENT []
04:34:22.374 [main] DEBUG net.thucydides.core.steps.session.TestSession - SRP:SessionAddEvent: id 2b08b2e2-d328-4836-9cef-fcbe460027ec EventBusEvent ADD_TAGS_TO_CURRENT_TEST_EVENT [tag:solo]

@solo
&amp#27;[1mEscenario:&amp#27;[22m Agregar chaqueta para hombre (XL) y mujer (S) y validar el precio total &amp#27;[90m# classpath:features/compra_chaquetas.feature:8&amp#27;[39m
04:34:22.382 [main] DEBUG io.cucumber.core.plugin.SerenityReporterParallel - SRP:handleTestStepStarted  classpath:features/compra_chaquetas.feature Thread[#1,main,5,main] 2b08b2e2-d328-4836-9cef-fcbe460027ec at line 8
04:34:22.503 [main] DEBUG io.cucumber.core.plugin.SerenityReporterParallel - SRP:handleTestStepFinished  classpath:features/compra_chaquetas.feature Thread[#1,main,5,main] 2b08b2e2-d328-4836-9cef-fcbe460027ec at line 8
04:34:22.506 [main] DEBUG io.cucumber.core.plugin.SerenityReporterParallel - SRP:handleTestStepStarted  classpath:features/compra_chaquetas.feature Thread[#1,main,5,main] 2b08b2e2-d328-4836-9cef-fcbe460027ec at line 8
04:34:22.509 [main] DEBUG net.thucydides.core.steps.session.TestSession - SRP:SessionAddEvent: id 2b08b2e2-d328-4836-9cef-fcbe460027ec EventBusEvent STEP_STARTED_EVENT Dado que Carlos abre la tienda SHOP Dado que Carlos abre la tienda SHOP
04:34:22.509 [main] DEBUG net.thucydides.core.steps.session.TestSession - SRP:SessionAddEvent: id 2b08b2e2-d328-4836-9cef-fcbe460027ec net.thucydides.core.steps.events.UpdateCurrentStepTitleEvent@2257fadf
04:34:22.870 [main] DEBUG net.thucydides.core.steps.session.TestSession - SRP:SessionAddEvent: id 2b08b2e2-d328-4836-9cef-fcbe460027ec net.thucydides.core.steps.events.CastActorEvent@76ad6715
04:34:22.978 [main] DEBUG net.thucydides.core.steps.StepInterceptor - SRP:Actor started step in session EventBusEvent STEP_STARTED_EVENT Carlos anonymous performable Carlos abre la tienda SHOP Thread[#1,main,5,main]
04:34:22.978 [main] DEBUG net.thucydides.core.steps.session.TestSession - SRP:SessionAddEvent: id 2b08b2e2-d328-4836-9cef-fcbe460027ec EventBusEvent STEP_STARTED_EVENT Carlos anonymous performable Carlos abre la tienda SHOP
04:34:22.982 [main] DEBUG net.thucydides.core.steps.StepInterceptor - STARTING STEP: ShopStepDefinitions.queActorAbreLaTiendaSHOP - !#title
04:34:22.984 [main] DEBUG net.thucydides.core.steps.session.TestSession - SRP:SessionAddEvent: id 2b08b2e2-d328-4836-9cef-fcbe460027ec net.thucydides.core.steps.events.CastActorEvent@6c6017b9
04:34:22.987 [main] DEBUG net.thucydides.core.steps.StepInterceptor - SRP:Actor started step in session EventBusEvent STEP_STARTED_EVENT Carlos anonymous performable Carlos navega a la página principal de SHOP Thread[#1,main,5,main]
04:34:22.988 [main] DEBUG net.thucydides.core.steps.session.TestSession - SRP:SessionAddEvent: id 2b08b2e2-d328-4836-9cef-fcbe460027ec EventBusEvent STEP_STARTED_EVENT Carlos anonymous performable Carlos navega a la página principal de SHOP
04:34:22.989 [main] DEBUG net.thucydides.core.steps.StepInterceptor - STARTING STEP: ShopStepDefinitions.queActorAbreLaTiendaSHOP - !#title
04:34:23.010 [main] DEBUG net.thucydides.core.steps.session.TestSession - SRP:SessionAddEvent: id 2b08b2e2-d328-4836-9cef-fcbe460027ec net.thucydides.core.steps.events.CastActorEvent@1386313f
04:34:23.011 [main] DEBUG net.thucydides.core.steps.StepInterceptor - SRP:Actor started step in session EventBusEvent STEP_STARTED_EVENT Carlos open page from class Carlos opens the Shop home page Thread[#1,main,5,main]
04:34:23.011 [main] DEBUG net.thucydides.core.steps.session.TestSession - SRP:SessionAddEvent: id 2b08b2e2-d328-4836-9cef-fcbe460027ec EventBusEvent STEP_STARTED_EVENT Carlos open page from class Carlos opens the Shop home page
04:34:23.012 [main] DEBUG net.thucydides.core.steps.StepInterceptor - STARTING STEP: ShopStepDefinitions.queActorAbreLaTiendaSHOP - {0} opens the #targetPageName
04:34:23.130 [main] INFO net.serenitybdd.core.webdriver.driverproviders.ChromeDriverProvider - Starting Chrome driver instance with capabilities:
04:34:23.133 [main] INFO net.serenitybdd.core.webdriver.driverproviders.ChromeDriverProvider - Capabilities {acceptInsecureCerts: true, browserName: chrome, goog:chromeOptions: {args: [remote-allow-origins=*, test-type, no-sandbox, ignore-certificate-errors, disable-infobars, disable-gpu, disable-default-apps, disable-popup-blocking, disable-dev-shm-usage, disable-extensions, disable-web-security, disable-translate, disable-logging, remote-allow-origins=*], extensions: []}}
04:34:26.302 [main] DEBUG net.thucydides.core.steps.StepInterceptor - SRP:Actor finished step in session Thread[#1,main,5,main]
04:34:26.352 [main] DEBUG net.serenitybdd.core.photography.Darkroom - Opening darkroom
04:34:26.354 [Darkroom Processing Line] DEBUG net.serenitybdd.core.photography.DarkroomProcessingLine - Darkroom processing line starting up
04:34:26.946 [main] DEBUG net.serenitybdd.core.photography.Darkroom - Send negative for processing for C:\Users\Cesar Latorre\Downloads\Reto-Interbank-mejora\target\site\serenity\52b7f33aaa82db77ec4a051d07f19f604f23d1a180b655f03ebbbe0fa7d4f1b0.png
04:34:26.947 [Darkroom Processing Line] DEBUG net.serenitybdd.core.photography.DarkroomProcessingLine - Processing screenshot image in /var/screenshots/screenshot-8525300712449356298
04:34:26.948 [Darkroom Processing Line] DEBUG net.serenitybdd.core.photography.DarkroomProcessingLine - Saving screenshot to C:\Users\Cesar Latorre\Downloads\Reto-Interbank-mejora\target\site\serenity\52b7f33aaa82db77ec4a051d07f19f604f23d1a180b655f03ebbbe0fa7d4f1b0.png
04:34:26.950 [main] DEBUG net.thucydides.core.steps.session.TestSession - SRP:SessionAddEvent: id 2b08b2e2-d328-4836-9cef-fcbe460027ec EventBusEvent STEP_FINISHED_EVENT 
04:34:26.950 [main] DEBUG net.thucydides.core.steps.StepInterceptor - STEP DONE: {0} opens the #targetPageName
04:34:26.957 [main] DEBUG net.thucydides.core.steps.session.TestSession - SRP:SessionAddEvent: id 2b08b2e2-d328-4836-9cef-fcbe460027ec EventBusEvent UPDATE_OVERALL_EVENTS 
04:34:26.961 [main] DEBUG net.thucydides.core.steps.StepInterceptor - SRP:Actor finished step in session Thread[#1,main,5,main]
04:34:26.978 [main] DEBUG net.thucydides.core.steps.session.TestSession - SRP:SessionAddEvent: id 2b08b2e2-d328-4836-9cef-fcbe460027ec EventBusEvent STEP_FINISHED_EVENT 
04:34:26.978 [main] DEBUG net.thucydides.core.steps.StepInterceptor - STEP DONE: !#title
04:34:26.978 [main] DEBUG net.thucydides.core.steps.session.TestSession - SRP:SessionAddEvent: id 2b08b2e2-d328-4836-9cef-fcbe460027ec EventBusEvent UPDATE_OVERALL_EVENTS 
04:34:26.979 [main] DEBUG net.thucydides.core.steps.StepInterceptor - SRP:Actor finished step in session Thread[#1,main,5,main]
04:34:26.989 [main] DEBUG net.thucydides.core.steps.session.TestSession - SRP:SessionAddEvent: id 2b08b2e2-d328-4836-9cef-fcbe460027ec EventBusEvent STEP_FINISHED_EVENT 
04:34:26.989 [main] DEBUG net.thucydides.core.steps.StepInterceptor - STEP DONE: !#title
04:34:26.989 [main] DEBUG net.thucydides.core.steps.session.TestSession - SRP:SessionAddEvent: id 2b08b2e2-d328-4836-9cef-fcbe460027ec EventBusEvent UPDATE_OVERALL_EVENTS 
04:34:26.990 [main] DEBUG io.cucumber.core.plugin.SerenityReporterParallel - SRP:handleTestStepFinished  classpath:features/compra_chaquetas.feature Thread[#1,main,5,main] 2b08b2e2-d328-4836-9cef-fcbe460027ec at line 8
04:34:27.341 [main] DEBUG net.serenitybdd.core.photography.Darkroom - Send negative for processing for C:\Users\Cesar Latorre\Downloads\Reto-Interbank-mejora\target\site\serenity\29936fe6cf3eab8cc9c1a747d96d496717406638bd28aa0026c3438c0bb6397a.png
04:34:27.341 [Darkroom Processing Line] DEBUG net.serenitybdd.core.photography.DarkroomProcessingLine - Processing screenshot image in /var/screenshots/screenshot-10752752058236409063
04:34:27.341 [Darkroom Processing Line] DEBUG net.serenitybdd.core.photography.DarkroomProcessingLine - Saving screenshot to C:\Users\Cesar Latorre\Downloads\Reto-Interbank-mejora\target\site\serenity\29936fe6cf3eab8cc9c1a747d96d496717406638bd28aa0026c3438c0bb6397a.png
04:34:27.343 [main] DEBUG net.thucydides.core.steps.session.TestSession - SRP:SessionAddEvent: id 2b08b2e2-d328-4836-9cef-fcbe460027ec EventBusEvent STEP_FINISHED_WITH_RESULT with result Result{status=PASSED, duration=4, error=null}
  &amp#27;[32m✔&amp#27;[39m &amp#27;[32m&amp#27;[1mDado &amp#27;[22mque &amp#27;[1mCarlos&amp#27;[22m abre la tienda SHOP&amp#27;[39m                                            &amp#27;[90m# org.example.retointerbank.steps.ShopStepDefinitions.queActorAbreLaTiendaSHOP(net.serenitybdd.screenplay.Actor)&amp#27;[39m
04:34:27.353 [main] DEBUG io.cucumber.core.plugin.SerenityReporterParallel - SRP:handleTestStepStarted  classpath:features/compra_chaquetas.feature Thread[#1,main,5,main] 2b08b2e2-d328-4836-9cef-fcbe460027ec at line 8
04:34:27.354 [main] DEBUG net.thucydides.core.steps.session.TestSession - SRP:SessionAddEvent: id 2b08b2e2-d328-4836-9cef-fcbe460027ec EventBusEvent STEP_STARTED_EVENT Cuando él agrega una chaqueta de "hombre" talla "XL" Cuando él agrega una chaqueta de "hombre" talla "XL"
04:34:27.354 [main] DEBUG net.thucydides.core.steps.session.TestSession - SRP:SessionAddEvent: id 2b08b2e2-d328-4836-9cef-fcbe460027ec net.thucydides.core.steps.events.UpdateCurrentStepTitleEvent@2b877a54
04:34:27.362 [main] DEBUG net.thucydides.core.steps.session.TestSession - SRP:SessionAddEvent: id 2b08b2e2-d328-4836-9cef-fcbe460027ec net.thucydides.core.steps.events.CastActorEvent@7c1503a3
04:34:27.365 [main] DEBUG net.thucydides.core.steps.session.TestSession - SRP:SessionAddEvent: id 2b08b2e2-d328-4836-9cef-fcbe460027ec net.thucydides.core.steps.events.CastActorEvent@47df5041
04:34:27.799 [main] DEBUG net.thucydides.core.steps.session.TestSession - SRP:SessionAddEvent: id 2b08b2e2-d328-4836-9cef-fcbe460027ec EventBusEvent UPDATE_OVERALL_EVENTS 
04:34:29.802 [main] DEBUG net.thucydides.core.steps.session.TestSession - SRP:SessionAddEvent: id 2b08b2e2-d328-4836-9cef-fcbe460027ec net.thucydides.core.steps.events.CastActorEvent@8840c98
04:34:30.339 [main] DEBUG net.thucydides.core.steps.session.TestSession - SRP:SessionAddEvent: id 2b08b2e2-d328-4836-9cef-fcbe460027ec EventBusEvent UPDATE_OVERALL_EVENTS 
04:34:32.357 [main] DEBUG net.thucydides.core.steps.session.TestSession - SRP:SessionAddEvent: id 2b08b2e2-d328-4836-9cef-fcbe460027ec net.thucydides.core.steps.events.CastActorEvent@4a216eb4
04:34:32.598 [main] DEBUG net.thucydides.core.steps.session.TestSession - SRP:SessionAddEvent: id 2b08b2e2-d328-4836-9cef-fcbe460027ec EventBusEvent UPDATE_OVERALL_EVENTS 
04:34:33.102 [main] DEBUG net.thucydides.core.steps.session.TestSession - SRP:SessionAddEvent: id 2b08b2e2-d328-4836-9cef-fcbe460027ec net.thucydides.core.steps.events.CastActorEvent@183fc2fa
04:34:33.553 [main] DEBUG net.thucydides.core.steps.session.TestSession - SRP:SessionAddEvent: id 2b08b2e2-d328-4836-9cef-fcbe460027ec EventBusEvent UPDATE_OVERALL_EVENTS 
04:34:34.562 [main] DEBUG net.thucydides.core.steps.session.TestSession - SRP:SessionAddEvent: id 2b08b2e2-d328-4836-9cef-fcbe460027ec net.thucydides.core.steps.events.CastActorEvent@5d194314
04:34:35.575 [main] DEBUG net.thucydides.core.steps.session.TestSession - SRP:SessionAddEvent: id 2b08b2e2-d328-4836-9cef-fcbe460027ec net.thucydides.core.steps.events.CastActorEvent@76396509
04:34:36.097 [main] DEBUG net.thucydides.core.steps.session.TestSession - SRP:SessionAddEvent: id 2b08b2e2-d328-4836-9cef-fcbe460027ec EventBusEvent UPDATE_OVERALL_EVENTS 
04:34:36.100 [main] DEBUG net.thucydides.core.steps.session.TestSession - SRP:SessionAddEvent: id 2b08b2e2-d328-4836-9cef-fcbe460027ec EventBusEvent UPDATE_OVERALL_EVENTS 
04:34:36.100 [main] DEBUG net.thucydides.core.steps.session.TestSession - SRP:SessionAddEvent: id 2b08b2e2-d328-4836-9cef-fcbe460027ec EventBusEvent UPDATE_OVERALL_EVENTS 
04:34:36.102 [main] DEBUG io.cucumber.core.plugin.SerenityReporterParallel - SRP:handleTestStepFinished  classpath:features/compra_chaquetas.feature Thread[#1,main,5,main] 2b08b2e2-d328-4836-9cef-fcbe460027ec at line 8
04:34:36.431 [main] DEBUG net.serenitybdd.core.photography.Darkroom - Send negative for processing for C:\Users\Cesar Latorre\Downloads\Reto-Interbank-mejora\target\site\serenity\00f8d2feba018858d8d28f82e46b9a0faadb139b27c3f45f43a216aa3805fcb1.png
04:34:36.432 [Darkroom Processing Line] DEBUG net.serenitybdd.core.photography.DarkroomProcessingLine - Processing screenshot image in /var/screenshots/screenshot-17319189968828451321
04:34:36.432 [Darkroom Processing Line] DEBUG net.serenitybdd.core.photography.DarkroomProcessingLine - Saving screenshot to C:\Users\Cesar Latorre\Downloads\Reto-Interbank-mejora\target\site\serenity\00f8d2feba018858d8d28f82e46b9a0faadb139b27c3f45f43a216aa3805fcb1.png
04:34:36.433 [main] DEBUG net.thucydides.core.steps.session.TestSession - SRP:SessionAddEvent: id 2b08b2e2-d328-4836-9cef-fcbe460027ec EventBusEvent STEP_FINISHED_WITH_RESULT with result Result{status=PASSED, duration=8, error=null}
  &amp#27;[32m✔&amp#27;[39m &amp#27;[32m&amp#27;[1mCuando &amp#27;[22m&amp#27;[1mél&amp#27;[22m agrega una chaqueta de &amp#27;[1m"hombre"&amp#27;[22m talla &amp#27;[1m"XL"&amp#27;[22m&amp#27;[39m                           &amp#27;[90m# org.example.retointerbank.steps.ShopStepDefinitions.actorAgregaUnaChaqueta(net.serenitybdd.screenplay.Actor,java.lang.String,java.lang.String)&amp#27;[39m
04:34:36.436 [main] DEBUG io.cucumber.core.plugin.SerenityReporterParallel - SRP:handleTestStepStarted  classpath:features/compra_chaquetas.feature Thread[#1,main,5,main] 2b08b2e2-d328-4836-9cef-fcbe460027ec at line 8
04:34:36.436 [main] DEBUG net.thucydides.core.steps.session.TestSession - SRP:SessionAddEvent: id 2b08b2e2-d328-4836-9cef-fcbe460027ec EventBusEvent STEP_STARTED_EVENT Y él agrega una chaqueta de "mujer" talla "S" Y él agrega una chaqueta de "mujer" talla "S"
04:34:36.437 [main] DEBUG net.thucydides.core.steps.session.TestSession - SRP:SessionAddEvent: id 2b08b2e2-d328-4836-9cef-fcbe460027ec net.thucydides.core.steps.events.UpdateCurrentStepTitleEvent@681061d6
04:34:36.439 [main] DEBUG net.thucydides.core.steps.session.TestSession - SRP:SessionAddEvent: id 2b08b2e2-d328-4836-9cef-fcbe460027ec net.thucydides.core.steps.events.CastActorEvent@53d6e959
04:34:36.440 [main] DEBUG net.thucydides.core.steps.session.TestSession - SRP:SessionAddEvent: id 2b08b2e2-d328-4836-9cef-fcbe460027ec net.thucydides.core.steps.events.CastActorEvent@3caee3a8
Click interceptado, usando JavaScript click en: a[href='/list/ladies_outerwear']
04:34:40.365 [main] DEBUG net.thucydides.core.steps.session.TestSession - SRP:SessionAddEvent: id 2b08b2e2-d328-4836-9cef-fcbe460027ec EventBusEvent UPDATE_OVERALL_EVENTS 
04:34:42.381 [main] DEBUG net.thucydides.core.steps.session.TestSession - SRP:SessionAddEvent: id 2b08b2e2-d328-4836-9cef-fcbe460027ec net.thucydides.core.steps.events.CastActorEvent@d25e878
04:34:42.865 [main] DEBUG net.thucydides.core.steps.session.TestSession - SRP:SessionAddEvent: id 2b08b2e2-d328-4836-9cef-fcbe460027ec EventBusEvent UPDATE_OVERALL_EVENTS 
04:34:44.870 [main] DEBUG net.thucydides.core.steps.session.TestSession - SRP:SessionAddEvent: id 2b08b2e2-d328-4836-9cef-fcbe460027ec net.thucydides.core.steps.events.CastActorEvent@54ccb3
04:34:45.198 [main] DEBUG net.thucydides.core.steps.session.TestSession - SRP:SessionAddEvent: id 2b08b2e2-d328-4836-9cef-fcbe460027ec EventBusEvent UPDATE_OVERALL_EVENTS 
04:34:45.718 [main] DEBUG net.thucydides.core.steps.session.TestSession - SRP:SessionAddEvent: id 2b08b2e2-d328-4836-9cef-fcbe460027ec net.thucydides.core.steps.events.CastActorEvent@6b2aafbc
04:34:46.250 [main] DEBUG net.thucydides.core.steps.session.TestSession - SRP:SessionAddEvent: id 2b08b2e2-d328-4836-9cef-fcbe460027ec EventBusEvent UPDATE_OVERALL_EVENTS 
04:34:47.260 [main] DEBUG net.thucydides.core.steps.session.TestSession - SRP:SessionAddEvent: id 2b08b2e2-d328-4836-9cef-fcbe460027ec net.thucydides.core.steps.events.CastActorEvent@1537c744
04:34:48.271 [main] DEBUG net.thucydides.core.steps.session.TestSession - SRP:SessionAddEvent: id 2b08b2e2-d328-4836-9cef-fcbe460027ec net.thucydides.core.steps.events.CastActorEvent@37314843
04:34:48.777 [main] DEBUG net.thucydides.core.steps.session.TestSession - SRP:SessionAddEvent: id 2b08b2e2-d328-4836-9cef-fcbe460027ec EventBusEvent UPDATE_OVERALL_EVENTS 
04:34:48.780 [main] DEBUG net.thucydides.core.steps.session.TestSession - SRP:SessionAddEvent: id 2b08b2e2-d328-4836-9cef-fcbe460027ec EventBusEvent UPDATE_OVERALL_EVENTS 
04:34:48.782 [main] DEBUG net.thucydides.core.steps.session.TestSession - SRP:SessionAddEvent: id 2b08b2e2-d328-4836-9cef-fcbe460027ec EventBusEvent UPDATE_OVERALL_EVENTS 
04:34:48.784 [main] DEBUG io.cucumber.core.plugin.SerenityReporterParallel - SRP:handleTestStepFinished  classpath:features/compra_chaquetas.feature Thread[#1,main,5,main] 2b08b2e2-d328-4836-9cef-fcbe460027ec at line 8
04:34:49.066 [main] DEBUG net.serenitybdd.core.photography.Darkroom - Send negative for processing for C:\Users\Cesar Latorre\Downloads\Reto-Interbank-mejora\target\site\serenity\9330323edcb460278d4272739f06500700e77d91f703036a511f56a8fcb59e39.png
04:34:49.066 [main] DEBUG net.thucydides.core.steps.session.TestSession - SRP:SessionAddEvent: id 2b08b2e2-d328-4836-9cef-fcbe460027ec EventBusEvent STEP_FINISHED_WITH_RESULT with result Result{status=PASSED, duration=12, error=null}
04:34:49.066 [Darkroom Processing Line] DEBUG net.serenitybdd.core.photography.DarkroomProcessingLine - Processing screenshot image in /var/screenshots/screenshot-13902537516266750425
04:34:49.067 [Darkroom Processing Line] DEBUG net.serenitybdd.core.photography.DarkroomProcessingLine - Saving screenshot to C:\Users\Cesar Latorre\Downloads\Reto-Interbank-mejora\target\site\serenity\9330323edcb460278d4272739f06500700e77d91f703036a511f56a8fcb59e39.png
  &amp#27;[32m✔&amp#27;[39m &amp#27;[32m&amp#27;[1mY &amp#27;[22m&amp#27;[1mél&amp#27;[22m agrega una chaqueta de &amp#27;[1m"mujer"&amp#27;[22m talla &amp#27;[1m"S"&amp#27;[22m&amp#27;[39m                                  &amp#27;[90m# org.example.retointerbank.steps.ShopStepDefinitions.actorAgregaUnaChaqueta(net.serenitybdd.screenplay.Actor,java.lang.String,java.lang.String)&amp#27;[39m
04:34:49.068 [main] DEBUG io.cucumber.core.plugin.SerenityReporterParallel - SRP:handleTestStepStarted  classpath:features/compra_chaquetas.feature Thread[#1,main,5,main] 2b08b2e2-d328-4836-9cef-fcbe460027ec at line 8
04:34:49.068 [main] DEBUG net.thucydides.core.steps.session.TestSession - SRP:SessionAddEvent: id 2b08b2e2-d328-4836-9cef-fcbe460027ec EventBusEvent STEP_STARTED_EVENT Entonces él verifica que el precio total debe ser "$91.80" Entonces él verifica que el precio total debe ser "$91.80"
04:34:49.068 [main] DEBUG net.thucydides.core.steps.session.TestSession - SRP:SessionAddEvent: id 2b08b2e2-d328-4836-9cef-fcbe460027ec net.thucydides.core.steps.events.UpdateCurrentStepTitleEvent@10e9a5fe
04:34:49.075 [main] DEBUG net.thucydides.core.steps.session.TestSession - SRP:SessionAddEvent: id 2b08b2e2-d328-4836-9cef-fcbe460027ec net.thucydides.core.steps.events.CastActorEvent@53feeac9
Click interceptado, usando JavaScript click en: a[href='/cart']
04:34:53.140 [main] DEBUG net.thucydides.core.steps.session.TestSession - SRP:SessionAddEvent: id 2b08b2e2-d328-4836-9cef-fcbe460027ec EventBusEvent UPDATE_OVERALL_EVENTS 
04:34:54.394 [main] DEBUG net.thucydides.core.steps.session.TestSession - SRP:SessionAddEvent: id 2b08b2e2-d328-4836-9cef-fcbe460027ec net.thucydides.core.steps.events.CastActorEvent@40dd552c
04:34:54.396 [main] DEBUG net.thucydides.core.steps.StepInterceptor - SRP:Actor started step in session EventBusEvent STEP_STARTED_EVENT Carlos performable expectation Carlos should see a value that is equal to: <"$91.80"> Thread[#1,main,5,main]
04:34:54.396 [main] DEBUG net.thucydides.core.steps.session.TestSession - SRP:SessionAddEvent: id 2b08b2e2-d328-4836-9cef-fcbe460027ec EventBusEvent STEP_STARTED_EVENT Carlos performable expectation Carlos should see a value that is equal to: <"$91.80">
04:34:54.397 [main] DEBUG net.thucydides.core.steps.StepInterceptor - STARTING STEP: ShopStepDefinitions.actorVerificaPrecioTotal - {0} should see #description
04:34:54.400 [main] DEBUG net.thucydides.core.steps.StepInterceptor - SRP:Actor finished step in session Thread[#1,main,5,main]
04:34:54.575 [main] DEBUG net.serenitybdd.core.photography.Darkroom - Send negative for processing for C:\Users\Cesar Latorre\Downloads\Reto-Interbank-mejora\target\site\serenity\39ce2f05f5e3caf480b2b3d09feb951b30a0a683197f14a852caa1c77f0595ab.png
04:34:54.576 [main] DEBUG net.thucydides.core.steps.session.TestSession - SRP:SessionAddEvent: id 2b08b2e2-d328-4836-9cef-fcbe460027ec EventBusEvent STEP_FINISHED_EVENT 
04:34:54.576 [main] DEBUG net.thucydides.core.steps.StepInterceptor - STEP DONE: {0} should see #description
04:34:54.576 [Darkroom Processing Line] DEBUG net.serenitybdd.core.photography.DarkroomProcessingLine - Processing screenshot image in /var/screenshots/screenshot-1572980052937692922
04:34:54.576 [Darkroom Processing Line] DEBUG net.serenitybdd.core.photography.DarkroomProcessingLine - Saving screenshot to C:\Users\Cesar Latorre\Downloads\Reto-Interbank-mejora\target\site\serenity\39ce2f05f5e3caf480b2b3d09feb951b30a0a683197f14a852caa1c77f0595ab.png
04:34:54.576 [main] DEBUG net.thucydides.core.steps.session.TestSession - SRP:SessionAddEvent: id 2b08b2e2-d328-4836-9cef-fcbe460027ec EventBusEvent UPDATE_OVERALL_EVENTS 
04:34:54.577 [main] INFO org.example.retointerbank.steps.ShopStepDefinitions - Precio validado: esperado=$91.80, obtenido=$91.80
04:34:54.577 [main] DEBUG io.cucumber.core.plugin.SerenityReporterParallel - SRP:handleTestStepFinished  classpath:features/compra_chaquetas.feature Thread[#1,main,5,main] 2b08b2e2-d328-4836-9cef-fcbe460027ec at line 8
04:34:54.586 [main] DEBUG net.thucydides.core.steps.session.TestSession - SRP:SessionAddEvent: id 2b08b2e2-d328-4836-9cef-fcbe460027ec EventBusEvent STEP_FINISHED_WITH_RESULT with result Result{status=PASSED, duration=5, error=null}
  &amp#27;[32m✔&amp#27;[39m &amp#27;[32m&amp#27;[1mEntonces &amp#27;[22m&amp#27;[1mél&amp#27;[22m verifica que el precio total debe ser &amp#27;[1m"$91.80"&amp#27;[22m&amp#27;[39m                     &amp#27;[90m# org.example.retointerbank.steps.ShopStepDefinitions.actorVerificaPrecioTotal(net.serenitybdd.screenplay.Actor,java.lang.String)&amp#27;[39m
04:34:54.590 [main] DEBUG io.cucumber.core.plugin.SerenityReporterParallel - SRP:handleTestCaseFinished  classpath:features/compra_chaquetas.feature Thread[#1,main,5,main] 2b08b2e2-d328-4836-9cef-fcbe460027ec at line 8
04:34:54.593 [main] DEBUG net.thucydides.core.steps.session.TestSession - SRP:SessionAddEvent: id 2b08b2e2-d328-4836-9cef-fcbe460027ec EventBusEvent TEST_FINISHED_EVENT  false scenario Compra de chaquetas en SHOP;agregar-chaqueta-para-hombre-(xl)-y-mujer-(s)-y-validar-el-precio-total
04:34:54.594 [main] DEBUG net.thucydides.core.steps.session.TestSession - SRP:SessionEnd: id 2b08b2e2-d328-4836-9cef-fcbe460027ec
]]></system-out>
    <system-err><![CDATA[ene. 27, 2026 4:34:24 A. M. org.openqa.selenium.devtools.CdpVersionFinder findNearestMatch
ADVERTENCIA: Unable to find an exact match for CDP version 144, returning the closest version; found: 142; Please update to a Selenium version that supports CDP version 144
]]></system-err>
  </testcase>
  <testcase name="Agregar chaqueta para hombre (L) y mujer (XS) y realizar el Checkout" classname="Compra de chaquetas en SHOP" time="0.0">
    <skipped message="&apos;cucumber.filter.tags=@solo&apos; did not match this scenario"/>
  </testcase>
  <testcase name="Validar chaquetas parametrizables desde CSV con pruebas negativas" classname="Compra de chaquetas en SHOP" time="0.0">
    <skipped message="&apos;cucumber.filter.tags=@solo&apos; did not match this scenario"/>
  </testcase>
</testsuite>